#
# There is insufficient memory for the Java Runtime Environment to continue.
# Native memory allocation (mmap) failed to map 65536 bytes for Failed to commit metaspace.
# Possible reasons:
#   The system is out of physical RAM or swap space
#   The process is running with CompressedOops enabled, and the Java Heap may be blocking the growth of the native heap
# Possible solutions:
#   Reduce memory load on the system
#   Increase physical memory or swap space
#   Check if swap backing store is full
#   Decrease Java heap size (-Xmx/-Xms)
#   Decrease number of Java threads
#   Decrease Java thread stack sizes (-Xss)
#   Set larger code cache with -XX:ReservedCodeCacheSize=
#   JVM is running with Unscaled Compressed Oops mode in which the Java heap is
#     placed in the first 4GB address space. The Java Heap base address is the
#     maximum limit for the native heap growth. Please use -XX:HeapBaseMinAddress
#     to set the Java Heap base and to place the Java Heap above 4GB virtual address.
# This output file may be truncated or incomplete.
#
#  Out of Memory Error (virtualSpaceNode.cpp:110), pid=4568, tid=8952
#
# JRE version: OpenJDK Runtime Environment Temurin-17.0.9+9 (17.0.9+9) (build 17.0.9+9)
# Java VM: OpenJDK 64-Bit Server VM Temurin-17.0.9+9 (17.0.9+9, mixed mode, emulated-client, tiered, compressed oops, compressed class ptrs, g1 gc, windows-amd64)
# No core dump will be written. Minidumps are not enabled by default on client versions of Windows
#

---------------  S U M M A R Y ------------

Command Line: -Dcom.sun.management.jmxremote -Dcom.sun.management.jmxremote.port=54792 -Dcom.sun.management.jmxremote.authenticate=false -Dcom.sun.management.jmxremote.ssl=false -Djava.rmi.server.hostname=localhost -Dspring.jmx.enabled=true -Dmanagement.endpoints.jmx.exposure.include=* -Dspring.application.admin.enabled=true -XX:TieredStopAtLevel=1 -Dspring.boot.project.name=23_Spring-Boot-web-restapi-app1 -Dfile.encoding=UTF-8 -Dstdout.encoding=UTF-8 -Dstderr.encoding=UTF-8 -XX:+ShowCodeDetailsInExceptionMessages com.springboot.web.WebApplication --spring.output.ansi.enabled=always

Host: Intel(R) Core(TM) i3-3110M CPU @ 2.40GHz, 4 cores, 1G,  Windows 10 , 64 bit Build 19041 (10.0.19041.3636)
Time: Thu Jul 11 20:39:54 2024 India Standard Time elapsed time: 2.788342 seconds (0d 0h 0m 2s)

---------------  T H R E A D  ---------------

Current thread (0x0000018921059de0):  JavaThread "main" [_thread_in_vm, id=8952, stack(0x0000007158e00000,0x0000007158f00000)]

Stack: [0x0000007158e00000,0x0000007158f00000]
Native frames: (J=compiled Java code, j=interpreted, Vv=VM code, C=native code)
V  [jvm.dll+0x67cf49]
V  [jvm.dll+0x83478a]
V  [jvm.dll+0x83624e]
V  [jvm.dll+0x8368b3]
V  [jvm.dll+0x247f1f]
V  [jvm.dll+0x83044b]
V  [jvm.dll+0x621776]
V  [jvm.dll+0x6217da]
V  [jvm.dll+0x62400a]
V  [jvm.dll+0x622116]
V  [jvm.dll+0x36f2e2]
V  [jvm.dll+0x1e3c8b]
V  [jvm.dll+0x543087]
V  [jvm.dll+0x1f2e27]
V  [jvm.dll+0x7adb8b]
V  [jvm.dll+0x7aef5c]
V  [jvm.dll+0x7af2a8]
V  [jvm.dll+0x2401ee]
V  [jvm.dll+0x24043f]
V  [jvm.dll+0x561338]
V  [jvm.dll+0x564237]
V  [jvm.dll+0x386eb2]
V  [jvm.dll+0x38651f]
C  0x0000018925f19039

The last pc belongs to invokestatic (printed below).
Java frames: (J=compiled Java code, j=interpreted, Vv=VM code)
j  sun.reflect.generics.parser.SignatureParser.parsePackageNameAndSimpleClassTypeSignature()Lsun/reflect/generics/tree/SimpleClassTypeSignature;+78 java.base@17.0.9
j  sun.reflect.generics.parser.SignatureParser.parseClassTypeSignature()Lsun/reflect/generics/tree/ClassTypeSignature;+54 java.base@17.0.9
j  sun.reflect.generics.parser.SignatureParser.parseFieldTypeSignature(Z)Lsun/reflect/generics/tree/FieldTypeSignature;+41 java.base@17.0.9
j  sun.reflect.generics.parser.SignatureParser.parseFieldTypeSignature()Lsun/reflect/generics/tree/FieldTypeSignature;+2 java.base@17.0.9
j  sun.reflect.generics.parser.SignatureParser.parseTypeArgument()Lsun/reflect/generics/tree/TypeArgument;+131 java.base@17.0.9
j  sun.reflect.generics.parser.SignatureParser.parseTypeArguments()[Lsun/reflect/generics/tree/TypeArgument;+54 java.base@17.0.9
j  sun.reflect.generics.parser.SignatureParser.parsePackageNameAndSimpleClassTypeSignature()Lsun/reflect/generics/tree/SimpleClassTypeSignature;+85 java.base@17.0.9
j  sun.reflect.generics.parser.SignatureParser.parseClassTypeSignature()Lsun/reflect/generics/tree/ClassTypeSignature;+54 java.base@17.0.9
j  sun.reflect.generics.parser.SignatureParser.parseFieldTypeSignature(Z)Lsun/reflect/generics/tree/FieldTypeSignature;+41 java.base@17.0.9
j  sun.reflect.generics.parser.SignatureParser.parseFieldTypeSignature()Lsun/reflect/generics/tree/FieldTypeSignature;+2 java.base@17.0.9
j  sun.reflect.generics.parser.SignatureParser.parseTypeSignature()Lsun/reflect/generics/tree/TypeSignature;+126 java.base@17.0.9
j  sun.reflect.generics.parser.SignatureParser.parseReturnType()Lsun/reflect/generics/tree/ReturnType;+18 java.base@17.0.9
j  sun.reflect.generics.parser.SignatureParser.parseMethodTypeSignature()Lsun/reflect/generics/tree/MethodTypeSignature;+30 java.base@17.0.9
j  sun.reflect.generics.parser.SignatureParser.parseMethodSig(Ljava/lang/String;)Lsun/reflect/generics/tree/MethodTypeSignature;+6 java.base@17.0.9
j  sun.reflect.generics.repository.ConstructorRepository.parse(Ljava/lang/String;)Lsun/reflect/generics/tree/MethodTypeSignature;+4 java.base@17.0.9
j  sun.reflect.generics.repository.ConstructorRepository.parse(Ljava/lang/String;)Lsun/reflect/generics/tree/Tree;+2 java.base@17.0.9
j  sun.reflect.generics.repository.AbstractRepository.<init>(Ljava/lang/String;Lsun/reflect/generics/factory/GenericsFactory;)V+7 java.base@17.0.9
j  sun.reflect.generics.repository.GenericDeclRepository.<init>(Ljava/lang/String;Lsun/reflect/generics/factory/GenericsFactory;)V+3 java.base@17.0.9
j  sun.reflect.generics.repository.ConstructorRepository.<init>(Ljava/lang/String;Lsun/reflect/generics/factory/GenericsFactory;)V+3 java.base@17.0.9
j  sun.reflect.generics.repository.MethodRepository.<init>(Ljava/lang/String;Lsun/reflect/generics/factory/GenericsFactory;)V+3 java.base@17.0.9
j  sun.reflect.generics.repository.MethodRepository.make(Ljava/lang/String;Lsun/reflect/generics/factory/GenericsFactory;)Lsun/reflect/generics/repository/MethodRepository;+6 java.base@17.0.9
j  java.lang.reflect.Method.getGenericInfo()Lsun/reflect/generics/repository/MethodRepository;+16 java.base@17.0.9
j  java.lang.reflect.Method.getGenericReturnType()Ljava/lang/reflect/Type;+8 java.base@17.0.9
j  com.sun.jmx.mbeanserver.ConvertingMethod.<init>(Ljava/lang/reflect/Method;)V+16 java.management@17.0.9
j  com.sun.jmx.mbeanserver.ConvertingMethod.from(Ljava/lang/reflect/Method;)Lcom/sun/jmx/mbeanserver/ConvertingMethod;+5 java.management@17.0.9
j  com.sun.jmx.mbeanserver.MXBeanIntrospector.mFrom(Ljava/lang/reflect/Method;)Lcom/sun/jmx/mbeanserver/ConvertingMethod;+1 java.management@17.0.9
j  com.sun.jmx.mbeanserver.MXBeanIntrospector.mFrom(Ljava/lang/reflect/Method;)Ljava/lang/Object;+2 java.management@17.0.9
j  com.sun.jmx.mbeanserver.MBeanAnalyzer.initMaps(Ljava/lang/Class;Lcom/sun/jmx/mbeanserver/MBeanIntrospector;)V+61 java.management@17.0.9
j  com.sun.jmx.mbeanserver.MBeanAnalyzer.<init>(Ljava/lang/Class;Lcom/sun/jmx/mbeanserver/MBeanIntrospector;)V+78 java.management@17.0.9
j  com.sun.jmx.mbeanserver.MBeanAnalyzer.analyzer(Ljava/lang/Class;Lcom/sun/jmx/mbeanserver/MBeanIntrospector;)Lcom/sun/jmx/mbeanserver/MBeanAnalyzer;+6 java.management@17.0.9
j  com.sun.jmx.mbeanserver.MXBeanIntrospector.getAnalyzer(Ljava/lang/Class;)Lcom/sun/jmx/mbeanserver/MBeanAnalyzer;+2 java.management@17.0.9
j  com.sun.jmx.mbeanserver.MBeanIntrospector.getPerInterface(Ljava/lang/Class;)Lcom/sun/jmx/mbeanserver/PerInterface;+45 java.management@17.0.9
j  com.sun.jmx.mbeanserver.MBeanSupport.<init>(Ljava/lang/Object;Ljava/lang/Class;)V+69 java.management@17.0.9
j  com.sun.jmx.mbeanserver.MXBeanSupport.<init>(Ljava/lang/Object;Ljava/lang/Class;)V+3 java.management@17.0.9
j  javax.management.StandardMBean.construct(Ljava/lang/Object;Ljava/lang/Class;ZZ)V+56 java.management@17.0.9
j  javax.management.StandardMBean.<init>(Ljava/lang/Object;Ljava/lang/Class;Z)V+9 java.management@17.0.9
j  java.lang.management.ManagementFactory.lambda$addMXBean$7(Ljava/lang/Object;Ljavax/management/MBeanServer;Ljavax/management/ObjectName;)Ljava/lang/Void;+53 java.management@17.0.9
j  java.lang.management.ManagementFactory$$Lambda$19+0x00000001000a5ed0.run()Ljava/lang/Object;+12 java.management@17.0.9
j  java.security.AccessController.executePrivileged(Ljava/security/PrivilegedExceptionAction;Ljava/security/AccessControlContext;Ljava/lang/Class;)Ljava/lang/Object;+29 java.base@17.0.9
j  java.security.AccessController.doPrivileged(Ljava/security/PrivilegedExceptionAction;)Ljava/lang/Object;+9 java.base@17.0.9
j  java.lang.management.ManagementFactory.addMXBean(Ljavax/management/MBeanServer;Ljava/lang/String;Ljava/lang/Object;)V+13 java.management@17.0.9
j  java.lang.management.ManagementFactory.lambda$getPlatformMBeanServer$1(Ljava/util/Map$Entry;)V+18 java.management@17.0.9
j  java.lang.management.ManagementFactory$$Lambda$18+0x00000001000a4378.accept(Ljava/lang/Object;)V+4 java.management@17.0.9
j  java.util.stream.ForEachOps$ForEachOp$OfRef.accept(Ljava/lang/Object;)V+5 java.base@17.0.9
j  java.util.Collections$2.tryAdvance(Ljava/util/function/Consumer;)Z+29 java.base@17.0.9
j  java.util.Collections$2.forEachRemaining(Ljava/util/function/Consumer;)V+2 java.base@17.0.9
j  java.util.stream.ReferencePipeline$Head.forEach(Ljava/util/function/Consumer;)V+12 java.base@17.0.9
j  java.util.stream.ReferencePipeline$7$1.accept(Ljava/lang/Object;)V+41 java.base@17.0.9
j  java.util.stream.ReferencePipeline$2$1.accept(Ljava/lang/Object;)V+21 java.base@17.0.9
j  java.util.HashMap$ValueSpliterator.forEachRemaining(Ljava/util/function/Consumer;)V+145 java.base@17.0.9
j  java.util.stream.AbstractPipeline.copyInto(Ljava/util/stream/Sink;Ljava/util/Spliterator;)V+32 java.base@17.0.9
j  java.util.stream.AbstractPipeline.wrapAndCopyInto(Ljava/util/stream/Sink;Ljava/util/Spliterator;)Ljava/util/stream/Sink;+13 java.base@17.0.9
j  java.util.stream.ForEachOps$ForEachOp.evaluateSequential(Ljava/util/stream/PipelineHelper;Ljava/util/Spliterator;)Ljava/lang/Void;+3 java.base@17.0.9
j  java.util.stream.ForEachOps$ForEachOp$OfRef.evaluateSequential(Ljava/util/stream/PipelineHelper;Ljava/util/Spliterator;)Ljava/lang/Object;+3 java.base@17.0.9
j  java.util.stream.AbstractPipeline.evaluate(Ljava/util/stream/TerminalOp;)Ljava/lang/Object;+88 java.base@17.0.9
j  java.util.stream.ReferencePipeline.forEach(Ljava/util/function/Consumer;)V+6 java.base@17.0.9
j  java.lang.management.ManagementFactory.getPlatformMBeanServer()Ljavax/management/MBeanServer;+68 java.management@17.0.9
j  sun.management.jmxremote.ConnectorBootstrap.startRemoteConnectorServer(Ljava/lang/String;Ljava/util/Properties;)Ljavax/management/remote/JMXConnectorServer;+579 jdk.management.agent@17.0.9
j  jdk.internal.agent.Agent.startAgent(Ljava/util/Properties;)V+48 jdk.management.agent@17.0.9
j  jdk.internal.agent.Agent.startAgent()V+20 jdk.management.agent@17.0.9
v  ~StubRoutines::call_stub
invokestatic  184 invokestatic  [0x0000018925f18f80, 0x0000018925f190e0]  352 bytes
[MachCode]
  0x0000018925f18f80: 4883 ec08 | c5fa 1104 | 24eb 1f48 | 83ec 10c5 | fb11 0424 | eb14 4883 | ec10 4889 | 0424 48c7 
  0x0000018925f18fa0: 4424 0800 | 0000 00eb | 0150 4c89 | 6dc0 410f | b755 0148 | 8b4d d0c1 | e202 8b5c | d120 c1eb 
  0x0000018925f18fc0: 1081 e3ff | 0000 0081 | fbb8 0000 | 000f 84b6 | 0000 00bb | b800 0000 | e805 0000 | 00e9 9b00 
  0x0000018925f18fe0: 0000 488b | d348 8d44 | 2408 4c89 | 6dc0 498b | cfc5 f877 | 4989 afa8 | 0200 0049 | 8987 9802 
  0x0000018925f19000: 0000 4883 | ec20 f7c4 | 0f00 0000 | 0f84 1a00 | 0000 4883 | ec08 49ba | b064 a258 | fa7f 0000 
  0x0000018925f19020: 41ff d248 | 83c4 08e9 | 0d00 0000 | 49ba b064 | a258 fa7f | 0000 41ff | d248 83c4 | 2049 c787 
  0x0000018925f19040: 9802 0000 | 0000 0000 | 49c7 87a8 | 0200 0000 | 0000 0049 | c787 a002 | 0000 0000 | 0000 c5f8 
  0x0000018925f19060: 7749 817f | 0800 0000 | 000f 8405 | 0000 00e9 | 8c7e feff | 4c8b 6dc0 | 4c8b 75c8 | c341 0fb7 
  0x0000018925f19080: 5501 488b | 4dd0 c1e2 | 0248 8b5c | d128 488b | 5b08 488b | 5b08 488b | 5b18 80bb | 3301 0000 
  0x0000018925f190a0: 040f 840d | 0000 004c | 3bbb 3801 | 0000 0f85 | 1fff ffff | 488b 5cd1 | 288b 54d1 | 38c1 ea1c 
  0x0000018925f190c0: 49ba a059 | 2459 fa7f | 0000 498b | 14d2 524c | 8d6c 2408 | 4c89 6df0 | ff63 500f | 1f44 0000 
[/MachCode]

---------------  P R O C E S S  ---------------

Threads class SMR info:
_java_thread_list=0x00000189311722e0, length=12, elements={
0x0000018921059de0, 0x000001892cb89920, 0x000001892cb8b5e0, 0x000001892cbbf7a0,
0x000001892cbc01d0, 0x000001892cbc29f0, 0x000001892cbc67c0, 0x000001892cbd0300,
0x000001892cbd13b0, 0x000001892cc1e4a0, 0x0000018931125060, 0x0000018931173a50
}

Java Threads: ( => current thread )
=>0x0000018921059de0 JavaThread "main" [_thread_in_vm, id=8952, stack(0x0000007158e00000,0x0000007158f00000)]
  0x000001892cb89920 JavaThread "Reference Handler" daemon [_thread_blocked, id=6536, stack(0x0000007159500000,0x0000007159600000)]
  0x000001892cb8b5e0 JavaThread "Finalizer" daemon [_thread_blocked, id=8692, stack(0x0000007159600000,0x0000007159700000)]
  0x000001892cbbf7a0 JavaThread "Signal Dispatcher" daemon [_thread_blocked, id=1332, stack(0x0000007159700000,0x0000007159800000)]
  0x000001892cbc01d0 JavaThread "Attach Listener" daemon [_thread_blocked, id=5368, stack(0x0000007159800000,0x0000007159900000)]
  0x000001892cbc29f0 JavaThread "Service Thread" daemon [_thread_blocked, id=3180, stack(0x0000007159900000,0x0000007159a00000)]
  0x000001892cbc67c0 JavaThread "Monitor Deflation Thread" daemon [_thread_blocked, id=6772, stack(0x0000007159a00000,0x0000007159b00000)]
  0x000001892cbd0300 JavaThread "C1 CompilerThread0" daemon [_thread_blocked, id=6612, stack(0x0000007159b00000,0x0000007159c00000)]
  0x000001892cbd13b0 JavaThread "Sweeper thread" daemon [_thread_blocked, id=10368, stack(0x0000007159c00000,0x0000007159d00000)]
  0x000001892cc1e4a0 JavaThread "Common-Cleaner" daemon [_thread_blocked, id=2212, stack(0x0000007159d00000,0x0000007159e00000)]
  0x0000018931125060 JavaThread "C1 CompilerThread1" daemon [_thread_blocked, id=932, stack(0x0000007159e00000,0x0000007159f00000)]
  0x0000018931173a50 JavaThread "Notification Thread" daemon [_thread_blocked, id=4492, stack(0x0000007159f00000,0x000000715a000000)]

Other Threads:
  0x000001892cb68840 VMThread "VM Thread" [stack: 0x0000007159400000,0x0000007159500000] [id=5540]
  0x0000018921087c00 GCTaskThread "GC Thread#0" [stack: 0x0000007158f00000,0x0000007159000000] [id=7484]
  0x000001892108cf00 ConcurrentGCThread "G1 Main Marker" [stack: 0x0000007159000000,0x0000007159100000] [id=6204]
  0x000001892108d830 ConcurrentGCThread "G1 Conc#0" [stack: 0x0000007159100000,0x0000007159200000] [id=6224]
  0x00000189210ca670 ConcurrentGCThread "G1 Refine#0" [stack: 0x0000007159200000,0x0000007159300000] [id=1348]
  0x00000189210cded0 ConcurrentGCThread "G1 Service" [stack: 0x0000007159300000,0x0000007159400000] [id=4544]

Threads with active compile tasks:

VM state: not at safepoint (normal execution)

VM Mutex/Monitor currently owned by a thread:  ([mutex/lock_event])
[0x0000018921053820] Metaspace_lock - owner thread: 0x0000018921059de0

Heap address: 0x00000000e1800000, size: 488 MB, Compressed Oops mode: 32-bit

CDS archive(s) not mapped
Compressed class space mapped at: 0x0000000100000000-0x0000000140000000, reserved size: 1073741824
Narrow klass base: 0x0000000000000000, Narrow klass shift: 3, Narrow klass range: 0x140000000

GC Precious Log:
 CPUs: 4 total, 4 available
 Memory: 1946M
 Large Page Support: Disabled
 NUMA Support: Disabled
 Compressed Oops: Enabled (32-bit)
 Heap Region Size: 1M
 Heap Min Capacity: 8M
 Heap Initial Capacity: 32M
 Heap Max Capacity: 488M
 Pre-touch: Disabled
 Parallel Workers: 4
 Concurrent Workers: 1
 Concurrent Refinement Workers: 4
 Periodic GC: Disabled

Heap:
 garbage-first heap   total 32768K, used 6144K [0x00000000e1800000, 0x0000000100000000)
  region size 1024K, 7 young (7168K), 0 survivors (0K)
 Metaspace       used 7815K, committed 8000K, reserved 1114112K
  class space    used 703K, committed 768K, reserved 1048576K

Heap Regions: E=young(eden), S=young(survivor), O=old, HS=humongous(starts), HC=humongous(continues), CS=collection set, F=free, OA=open archive, CA=closed archive, TAMS=top-at-mark-start (previous, next)
|   0|0x00000000e1800000, 0x00000000e1900000, 0x00000000e1900000|100%|HS|  |TAMS 0x00000000e1800000, 0x00000000e1800000| Complete 
|   1|0x00000000e1900000, 0x00000000e1900000, 0x00000000e1a00000|  0%| F|  |TAMS 0x00000000e1900000, 0x00000000e1900000| Untracked 
|   2|0x00000000e1a00000, 0x00000000e1a00000, 0x00000000e1b00000|  0%| F|  |TAMS 0x00000000e1a00000, 0x00000000e1a00000| Untracked 
|   3|0x00000000e1b00000, 0x00000000e1b00000, 0x00000000e1c00000|  0%| F|  |TAMS 0x00000000e1b00000, 0x00000000e1b00000| Untracked 
|   4|0x00000000e1c00000, 0x00000000e1c00000, 0x00000000e1d00000|  0%| F|  |TAMS 0x00000000e1c00000, 0x00000000e1c00000| Untracked 
|   5|0x00000000e1d00000, 0x00000000e1d00000, 0x00000000e1e00000|  0%| F|  |TAMS 0x00000000e1d00000, 0x00000000e1d00000| Untracked 
|   6|0x00000000e1e00000, 0x00000000e1e00000, 0x00000000e1f00000|  0%| F|  |TAMS 0x00000000e1e00000, 0x00000000e1e00000| Untracked 
|   7|0x00000000e1f00000, 0x00000000e1f00000, 0x00000000e2000000|  0%| F|  |TAMS 0x00000000e1f00000, 0x00000000e1f00000| Untracked 
|   8|0x00000000e2000000, 0x00000000e2000000, 0x00000000e2100000|  0%| F|  |TAMS 0x00000000e2000000, 0x00000000e2000000| Untracked 
|   9|0x00000000e2100000, 0x00000000e2100000, 0x00000000e2200000|  0%| F|  |TAMS 0x00000000e2100000, 0x00000000e2100000| Untracked 
|  10|0x00000000e2200000, 0x00000000e2200000, 0x00000000e2300000|  0%| F|  |TAMS 0x00000000e2200000, 0x00000000e2200000| Untracked 
|  11|0x00000000e2300000, 0x00000000e2300000, 0x00000000e2400000|  0%| F|  |TAMS 0x00000000e2300000, 0x00000000e2300000| Untracked 
|  12|0x00000000e2400000, 0x00000000e2400000, 0x00000000e2500000|  0%| F|  |TAMS 0x00000000e2400000, 0x00000000e2400000| Untracked 
|  13|0x00000000e2500000, 0x00000000e2500000, 0x00000000e2600000|  0%| F|  |TAMS 0x00000000e2500000, 0x00000000e2500000| Untracked 
|  14|0x00000000e2600000, 0x00000000e2600000, 0x00000000e2700000|  0%| F|  |TAMS 0x00000000e2600000, 0x00000000e2600000| Untracked 
|  15|0x00000000e2700000, 0x00000000e2700000, 0x00000000e2800000|  0%| F|  |TAMS 0x00000000e2700000, 0x00000000e2700000| Untracked 
|  16|0x00000000e2800000, 0x00000000e2800000, 0x00000000e2900000|  0%| F|  |TAMS 0x00000000e2800000, 0x00000000e2800000| Untracked 
|  17|0x00000000e2900000, 0x00000000e2900000, 0x00000000e2a00000|  0%| F|  |TAMS 0x00000000e2900000, 0x00000000e2900000| Untracked 
|  18|0x00000000e2a00000, 0x00000000e2a00000, 0x00000000e2b00000|  0%| F|  |TAMS 0x00000000e2a00000, 0x00000000e2a00000| Untracked 
|  19|0x00000000e2b00000, 0x00000000e2b00000, 0x00000000e2c00000|  0%| F|  |TAMS 0x00000000e2b00000, 0x00000000e2b00000| Untracked 
|  20|0x00000000e2c00000, 0x00000000e2c00000, 0x00000000e2d00000|  0%| F|  |TAMS 0x00000000e2c00000, 0x00000000e2c00000| Untracked 
|  21|0x00000000e2d00000, 0x00000000e2d00000, 0x00000000e2e00000|  0%| F|  |TAMS 0x00000000e2d00000, 0x00000000e2d00000| Untracked 
|  22|0x00000000e2e00000, 0x00000000e2e00000, 0x00000000e2f00000|  0%| F|  |TAMS 0x00000000e2e00000, 0x00000000e2e00000| Untracked 
|  23|0x00000000e2f00000, 0x00000000e2f00000, 0x00000000e3000000|  0%| F|  |TAMS 0x00000000e2f00000, 0x00000000e2f00000| Untracked 
|  24|0x00000000e3000000, 0x00000000e3000000, 0x00000000e3100000|  0%| F|  |TAMS 0x00000000e3000000, 0x00000000e3000000| Untracked 
|  25|0x00000000e3100000, 0x00000000e31a4860, 0x00000000e3200000| 64%| E|  |TAMS 0x00000000e3100000, 0x00000000e3100000| Complete 
|  26|0x00000000e3200000, 0x00000000e3300000, 0x00000000e3300000|100%| E|CS|TAMS 0x00000000e3200000, 0x00000000e3200000| Complete 
|  27|0x00000000e3300000, 0x00000000e3400000, 0x00000000e3400000|100%| E|CS|TAMS 0x00000000e3300000, 0x00000000e3300000| Complete 
|  28|0x00000000e3400000, 0x00000000e3500000, 0x00000000e3500000|100%| E|CS|TAMS 0x00000000e3400000, 0x00000000e3400000| Complete 
|  29|0x00000000e3500000, 0x00000000e3600000, 0x00000000e3600000|100%| E|  |TAMS 0x00000000e3500000, 0x00000000e3500000| Complete 
|  30|0x00000000e3600000, 0x00000000e3700000, 0x00000000e3700000|100%| E|CS|TAMS 0x00000000e3600000, 0x00000000e3600000| Complete 
|  31|0x00000000e3700000, 0x00000000e3800000, 0x00000000e3800000|100%| E|CS|TAMS 0x00000000e3700000, 0x00000000e3700000| Complete 

Card table byte_map: [0x00000189294a0000,0x00000189295a0000] _byte_map_base: 0x0000018928d94000

Marking Bits (Prev, Next): (CMBitMap*) 0x0000018921088130, (CMBitMap*) 0x0000018921088170
 Prev Bits: [0x00000189296a0000, 0x0000018929e40000)
 Next Bits: [0x0000018929e40000, 0x000001892a5e0000)

Polling page: 0x0000018920df0000

Metaspace:

Usage:
  Non-class:      6.94 MB used.
      Class:    703.73 KB used.
       Both:      7.63 MB used.

Virtual space:
  Non-class space:       64.00 MB reserved,       7.06 MB ( 11%) committed,  1 nodes.
      Class space:        1.00 GB reserved,     768.00 KB ( <1%) committed,  1 nodes.
             Both:        1.06 GB reserved,       7.81 MB ( <1%) committed. 

Chunk freelists:
   Non-Class:  9.00 MB
       Class:  15.25 MB
        Both:  24.24 MB

MaxMetaspaceSize: unlimited
CompressedClassSpaceSize: 1.00 GB
Initial GC threshold: 21.00 MB
Current GC threshold: 21.00 MB
CDS: off
MetaspaceReclaimPolicy: balanced
 - commit_granule_bytes: 65536.
 - commit_granule_words: 8192.
 - virtual_space_node_default_size: 8388608.
 - enlarge_chunks_in_place: 1.
 - new_chunks_are_fully_committed: 0.
 - uncommit_free_chunks: 1.
 - use_allocation_guard: 0.
 - handle_deallocations: 1.


Internal statistics:

num_allocs_failed_limit: 0.
num_arena_births: 10.
num_arena_deaths: 0.
num_vsnodes_births: 2.
num_vsnodes_deaths: 0.
num_space_committed: 125.
num_space_uncommitted: 0.
num_chunks_returned_to_freelist: 0.
num_chunks_taken_from_freelist: 29.
num_chunk_merges: 0.
num_chunk_splits: 11.
num_chunks_enlarged: 4.
num_inconsistent_stats: 0.

CodeCache: size=49152Kb used=2058Kb max_used=2058Kb free=47093Kb
 bounds [0x0000018925f00000, 0x0000018926170000, 0x0000018928f00000]
 total_blobs=718 nmethods=349 adapters=296
 compilation: enabled
              stopped_count=0, restarted_count=0
 full_count=0

Compilation events (20 events):
Event: 2.701 Thread 0x0000018931125060  338       1       java.lang.invoke.MethodType::checkSlotCount (33 bytes)
Event: 2.703 Thread 0x0000018931125060 nmethod 338 0x00000189260ff290 code [0x00000189260ff480, 0x00000189260ff818]
Event: 2.710 Thread 0x000001892cbd0300  341       1       java.lang.reflect.Method::getName (5 bytes)
Event: 2.710 Thread 0x0000018931125060  342       1       java.util.HashSet::contains (9 bytes)
Event: 2.710 Thread 0x000001892cbd0300 nmethod 341 0x00000189260ffd10 code [0x00000189260ffea0, 0x00000189260fff78]
Event: 2.710 Thread 0x0000018931125060 nmethod 342 0x0000018926100010 code [0x00000189261001a0, 0x00000189261002a8]
Event: 2.725 Thread 0x0000018931125060  343       1       java.util.WeakHashMap::maskNull (12 bytes)
Event: 2.725 Thread 0x000001892cbd0300  344       1       java.util.WeakHashMap::hash (28 bytes)
Event: 2.726 Thread 0x0000018931125060 nmethod 343 0x0000018926100990 code [0x0000018926100b20, 0x0000018926100bd8]
Event: 2.726 Thread 0x000001892cbd0300 nmethod 344 0x0000018926100c90 code [0x0000018926100e20, 0x0000018926100f28]
Event: 2.726 Thread 0x0000018931125060  347       1       java.util.WeakHashMap::indexFor (6 bytes)
Event: 2.726 Thread 0x000001892cbd0300  345       1       java.util.WeakHashMap::getTable (9 bytes)
Event: 2.726 Thread 0x0000018931125060 nmethod 347 0x0000018926100f90 code [0x0000018926101120, 0x00000189261011d8]
Event: 2.726 Thread 0x0000018931125060  346   !   1       java.util.WeakHashMap::expungeStaleEntries (139 bytes)
Event: 2.726 Thread 0x000001892cbd0300 nmethod 345 0x0000018926101290 code [0x0000018926101420, 0x0000018926101508]
Event: 2.726 Thread 0x000001892cbd0300  348       1       java.util.ArrayList::add (25 bytes)
Event: 2.727 Thread 0x000001892cbd0300 nmethod 348 0x0000018926101590 code [0x0000018926101740, 0x0000018926101948]
Event: 2.727 Thread 0x000001892cbd0300  349       1       java.util.ArrayList::add (23 bytes)
Event: 2.728 Thread 0x0000018931125060 nmethod 346 0x0000018926101a90 code [0x0000018926101c60, 0x0000018926102168]
Event: 2.728 Thread 0x000001892cbd0300 nmethod 349 0x0000018926102590 code [0x0000018926102740, 0x0000018926102928]

GC Heap History (0 events):
No events

Dll operation events (7 events):
Event: 1.669 Loaded shared library F:\Downlode\sts-4.21.0.RELEASE\plugins\org.eclipse.justj.openjdk.hotspot.jre.full.win32.x86_64_17.0.9.v20231028-0858\jre\bin\java.dll
Event: 2.072 Loaded shared library F:\Downlode\sts-4.21.0.RELEASE\plugins\org.eclipse.justj.openjdk.hotspot.jre.full.win32.x86_64_17.0.9.v20231028-0858\jre\bin\jimage.dll
Event: 2.127 Loaded shared library F:\Downlode\sts-4.21.0.RELEASE\plugins\org.eclipse.justj.openjdk.hotspot.jre.full.win32.x86_64_17.0.9.v20231028-0858\jre\bin\net.dll
Event: 2.133 Loaded shared library F:\Downlode\sts-4.21.0.RELEASE\plugins\org.eclipse.justj.openjdk.hotspot.jre.full.win32.x86_64_17.0.9.v20231028-0858\jre\bin\nio.dll
Event: 2.148 Loaded shared library F:\Downlode\sts-4.21.0.RELEASE\plugins\org.eclipse.justj.openjdk.hotspot.jre.full.win32.x86_64_17.0.9.v20231028-0858\jre\bin\zip.dll
Event: 2.522 Loaded shared library F:\Downlode\sts-4.21.0.RELEASE\plugins\org.eclipse.justj.openjdk.hotspot.jre.full.win32.x86_64_17.0.9.v20231028-0858\jre\bin\management.dll
Event: 2.636 Loaded shared library F:\Downlode\sts-4.21.0.RELEASE\plugins\org.eclipse.justj.openjdk.hotspot.jre.full.win32.x86_64_17.0.9.v20231028-0858\jre\bin\management_ext.dll

Deoptimization events (0 events):
No events

Classes unloaded (0 events):
No events

Classes redefined (0 events):
No events

Internal exceptions (4 events):
Event: 2.506 Thread 0x0000018921059de0 Exception <a 'java/lang/NoSuchMethodError'{0x00000000e3162990}: 'java.lang.Object java.lang.invoke.DirectMethodHandle$Holder.invokeStaticInit(java.lang.Object)'> (0x00000000e3162990) 
thrown [s\src\hotspot\share\interpreter\linkResolver.cpp, line 759]
Event: 2.655 Thread 0x0000018921059de0 Exception <a 'java/lang/NoSuchMethodError'{0x00000000e317d660}: 'int java.lang.invoke.DirectMethodHandle$Holder.invokeInterface(java.lang.Object, java.lang.Object)'> (0x00000000e317d660) 
thrown [s\src\hotspot\share\interpreter\linkResolver.cpp, line 759]
Event: 2.656 Thread 0x0000018921059de0 Exception <a 'java/lang/IncompatibleClassChangeError'{0x00000000e3180c60}: Found class java.lang.Object, but interface was expected> (0x00000000e3180c60) 
thrown [s\src\hotspot\share\interpreter\linkResolver.cpp, line 826]
Event: 2.659 Thread 0x0000018921059de0 Exception <a 'java/lang/NoSuchMethodError'{0x00000000e3186810}: 'void java.lang.invoke.DirectMethodHandle$Holder.invokeStatic(java.lang.Object, java.lang.Object)'> (0x00000000e3186810) 
thrown [s\src\hotspot\share\interpreter\linkResolver.cpp, line 759]

VM Operations (2 events):
Event: 1.999 Executing VM operation: HandshakeAllThreads
Event: 1.999 Executing VM operation: HandshakeAllThreads done

Events (20 events):
Event: 2.729 loading class sun/reflect/generics/repository/MethodRepository done
Event: 2.730 loading class sun/reflect/generics/parser/SignatureParser
Event: 2.730 loading class sun/reflect/generics/parser/SignatureParser done
Event: 2.730 loading class sun/reflect/generics/tree/FormalTypeParameter
Event: 2.730 loading class sun/reflect/generics/tree/TypeTree
Event: 2.731 loading class sun/reflect/generics/tree/Tree
Event: 2.731 loading class sun/reflect/generics/tree/Tree done
Event: 2.731 loading class sun/reflect/generics/tree/TypeTree done
Event: 2.731 loading class sun/reflect/generics/tree/FormalTypeParameter done
Event: 2.731 loading class sun/reflect/generics/tree/TypeSignature
Event: 2.731 loading class sun/reflect/generics/tree/ReturnType
Event: 2.731 loading class sun/reflect/generics/tree/ReturnType done
Event: 2.731 loading class sun/reflect/generics/tree/TypeSignature done
Event: 2.731 loading class sun/reflect/generics/tree/FieldTypeSignature
Event: 2.731 loading class sun/reflect/generics/tree/BaseType
Event: 2.731 loading class sun/reflect/generics/tree/BaseType done
Event: 2.731 loading class sun/reflect/generics/tree/TypeArgument
Event: 2.731 loading class sun/reflect/generics/tree/TypeArgument done
Event: 2.731 loading class sun/reflect/generics/tree/FieldTypeSignature done
Event: 2.731 loading class sun/reflect/generics/tree/SimpleClassTypeSignature


Dynamic libraries:
0x00007ff626040000 - 0x00007ff62604e000 	F:\Downlode\sts-4.21.0.RELEASE\plugins\org.eclipse.justj.openjdk.hotspot.jre.full.win32.x86_64_17.0.9.v20231028-0858\jre\bin\javaw.exe
0x00007ffaa7730000 - 0x00007ffaa7928000 	C:\Windows\SYSTEM32\ntdll.dll
0x00007ffaa6810000 - 0x00007ffaa68cd000 	C:\Windows\System32\KERNEL32.DLL
0x00007ffaa4df0000 - 0x00007ffaa50e6000 	C:\Windows\System32\KERNELBASE.dll
0x00007ffaa53f0000 - 0x00007ffaa54f0000 	C:\Windows\System32\ucrtbase.dll
0x00007ffa79c70000 - 0x00007ffa79c87000 	F:\Downlode\sts-4.21.0.RELEASE\plugins\org.eclipse.justj.openjdk.hotspot.jre.full.win32.x86_64_17.0.9.v20231028-0858\jre\bin\jli.dll
0x00007ffa79c50000 - 0x00007ffa79c6b000 	F:\Downlode\sts-4.21.0.RELEASE\plugins\org.eclipse.justj.openjdk.hotspot.jre.full.win32.x86_64_17.0.9.v20231028-0858\jre\bin\VCRUNTIME140.dll
0x00007ffaa7300000 - 0x00007ffaa749f000 	C:\Windows\System32\USER32.dll
0x00007ffaa50f0000 - 0x00007ffaa5112000 	C:\Windows\System32\win32u.dll
0x00007ffaa6a90000 - 0x00007ffaa6abb000 	C:\Windows\System32\GDI32.dll
0x00007ffaa5580000 - 0x00007ffaa5697000 	C:\Windows\System32\gdi32full.dll
0x00007ffaa56d0000 - 0x00007ffaa576d000 	C:\Windows\System32\msvcp_win.dll
0x00007ffa97760000 - 0x00007ffa979fa000 	C:\Windows\WinSxS\amd64_microsoft.windows.common-controls_6595b64144ccf1df_6.0.19041.4355_none_60b8b9eb71f62e16\COMCTL32.dll
0x00007ffaa6ac0000 - 0x00007ffaa6b5e000 	C:\Windows\System32\msvcrt.dll
0x00007ffaa6560000 - 0x00007ffaa658f000 	C:\Windows\System32\IMM32.DLL
0x00007ffa7a880000 - 0x00007ffa7a88c000 	F:\Downlode\sts-4.21.0.RELEASE\plugins\org.eclipse.justj.openjdk.hotspot.jre.full.win32.x86_64_17.0.9.v20231028-0858\jre\bin\vcruntime140_1.dll
0x00007ffa79bc0000 - 0x00007ffa79c4d000 	F:\Downlode\sts-4.21.0.RELEASE\plugins\org.eclipse.justj.openjdk.hotspot.jre.full.win32.x86_64_17.0.9.v20231028-0858\jre\bin\msvcp140.dll
0x00007ffa586a0000 - 0x00007ffa59301000 	F:\Downlode\sts-4.21.0.RELEASE\plugins\org.eclipse.justj.openjdk.hotspot.jre.full.win32.x86_64_17.0.9.v20231028-0858\jre\bin\server\jvm.dll
0x00007ffaa64b0000 - 0x00007ffaa6560000 	C:\Windows\System32\ADVAPI32.dll
0x00007ffaa7260000 - 0x00007ffaa7300000 	C:\Windows\System32\sechost.dll
0x00007ffaa74b0000 - 0x00007ffaa75d3000 	C:\Windows\System32\RPCRT4.dll
0x00007ffaa56a0000 - 0x00007ffaa56c7000 	C:\Windows\System32\bcrypt.dll
0x00007ffaa4c40000 - 0x00007ffaa4c8b000 	C:\Windows\SYSTEM32\POWRPROF.dll
0x00007ffa90cf0000 - 0x00007ffa90cf9000 	C:\Windows\SYSTEM32\WSOCK32.dll
0x00007ffaa6d50000 - 0x00007ffaa6dbb000 	C:\Windows\System32\WS2_32.dll
0x00007ffa96180000 - 0x00007ffa961a7000 	C:\Windows\SYSTEM32\WINMM.dll
0x00007ffa96a40000 - 0x00007ffa96a4a000 	C:\Windows\SYSTEM32\VERSION.dll
0x00007ffaa4c20000 - 0x00007ffaa4c32000 	C:\Windows\SYSTEM32\UMPDC.dll
0x00007ffaa2c70000 - 0x00007ffaa2c82000 	C:\Windows\SYSTEM32\kernel.appcore.dll
0x00007ffaa23d0000 - 0x00007ffaa23da000 	F:\Downlode\sts-4.21.0.RELEASE\plugins\org.eclipse.justj.openjdk.hotspot.jre.full.win32.x86_64_17.0.9.v20231028-0858\jre\bin\jimage.dll
0x00007ffa940d0000 - 0x00007ffa942b4000 	C:\Windows\SYSTEM32\DBGHELP.DLL
0x00007ffa937d0000 - 0x00007ffa93804000 	C:\Windows\SYSTEM32\dbgcore.DLL
0x00007ffaa54f0000 - 0x00007ffaa5572000 	C:\Windows\System32\bcryptPrimitives.dll
0x00007ffa98760000 - 0x00007ffa98785000 	F:\Downlode\sts-4.21.0.RELEASE\plugins\org.eclipse.justj.openjdk.hotspot.jre.full.win32.x86_64_17.0.9.v20231028-0858\jre\bin\java.dll
0x00007ffaa1880000 - 0x00007ffaa1898000 	F:\Downlode\sts-4.21.0.RELEASE\plugins\org.eclipse.justj.openjdk.hotspot.jre.full.win32.x86_64_17.0.9.v20231028-0858\jre\bin\zip.dll
0x00007ffaa5770000 - 0x00007ffaa5edc000 	C:\Windows\System32\SHELL32.dll
0x00007ffaa2e70000 - 0x00007ffaa360d000 	C:\Windows\SYSTEM32\windows.storage.dll
0x00007ffaa6f00000 - 0x00007ffaa7253000 	C:\Windows\System32\combase.dll
0x00007ffaa4740000 - 0x00007ffaa476e000 	C:\Windows\SYSTEM32\Wldp.dll
0x00007ffaa6350000 - 0x00007ffaa641d000 	C:\Windows\System32\OLEAUT32.dll
0x00007ffaa7640000 - 0x00007ffaa76ed000 	C:\Windows\System32\SHCORE.dll
0x00007ffaa6dc0000 - 0x00007ffaa6e15000 	C:\Windows\System32\shlwapi.dll
0x00007ffaa4d20000 - 0x00007ffaa4d44000 	C:\Windows\SYSTEM32\profapi.dll
0x00007ffa9ccb0000 - 0x00007ffa9ccc9000 	F:\Downlode\sts-4.21.0.RELEASE\plugins\org.eclipse.justj.openjdk.hotspot.jre.full.win32.x86_64_17.0.9.v20231028-0858\jre\bin\net.dll
0x00007ffa9e120000 - 0x00007ffa9e22a000 	C:\Windows\SYSTEM32\WINHTTP.dll
0x00007ffaa44a0000 - 0x00007ffaa450a000 	C:\Windows\system32\mswsock.dll
0x00007ffa98740000 - 0x00007ffa98756000 	F:\Downlode\sts-4.21.0.RELEASE\plugins\org.eclipse.justj.openjdk.hotspot.jre.full.win32.x86_64_17.0.9.v20231028-0858\jre\bin\nio.dll
0x00007ffa9a4b0000 - 0x00007ffa9a4b9000 	F:\Downlode\sts-4.21.0.RELEASE\plugins\org.eclipse.justj.openjdk.hotspot.jre.full.win32.x86_64_17.0.9.v20231028-0858\jre\bin\management.dll
0x00007ffa9a4c0000 - 0x00007ffa9a4cb000 	F:\Downlode\sts-4.21.0.RELEASE\plugins\org.eclipse.justj.openjdk.hotspot.jre.full.win32.x86_64_17.0.9.v20231028-0858\jre\bin\management_ext.dll
0x00007ffaa68d0000 - 0x00007ffaa68d8000 	C:\Windows\System32\PSAPI.DLL

dbghelp: loaded successfully - version: 4.0.5 - missing functions: none
symbol engine: initialized successfully - sym options: 0x614 - pdb path: .;F:\Downlode\sts-4.21.0.RELEASE\plugins\org.eclipse.justj.openjdk.hotspot.jre.full.win32.x86_64_17.0.9.v20231028-0858\jre\bin;C:\Windows\SYSTEM32;C:\Windows\WinSxS\amd64_microsoft.windows.common-controls_6595b64144ccf1df_6.0.19041.4355_none_60b8b9eb71f62e16;F:\Downlode\sts-4.21.0.RELEASE\plugins\org.eclipse.justj.openjdk.hotspot.jre.full.win32.x86_64_17.0.9.v20231028-0858\jre\bin\server

VM Arguments:
jvm_args: -Dcom.sun.management.jmxremote -Dcom.sun.management.jmxremote.port=54792 -Dcom.sun.management.jmxremote.authenticate=false -Dcom.sun.management.jmxremote.ssl=false -Djava.rmi.server.hostname=localhost -Dspring.jmx.enabled=true -Dmanagement.endpoints.jmx.exposure.include=* -Dspring.application.admin.enabled=true -XX:TieredStopAtLevel=1 -Dspring.boot.project.name=23_Spring-Boot-web-restapi-app1 -Dfile.encoding=UTF-8 -Dstdout.encoding=UTF-8 -Dstderr.encoding=UTF-8 -XX:+ShowCodeDetailsInExceptionMessages 
java_command: com.springboot.web.WebApplication --spring.output.ansi.enabled=always
java_class_path (initial): E:\SpringBoots\23_Spring-Boot-web-restapi-app1\target\classes;C:\Users\Admin\.m2\repository\org\springframework\boot\spring-boot-starter-data-jpa\3.2.3\spring-boot-starter-data-jpa-3.2.3.jar;C:\Users\Admin\.m2\repository\org\springframework\boot\spring-boot-starter-aop\3.2.3\spring-boot-starter-aop-3.2.3.jar;C:\Users\Admin\.m2\repository\org\springframework\spring-aop\6.1.4\spring-aop-6.1.4.jar;C:\Users\Admin\.m2\repository\org\aspectj\aspectjweaver\1.9.21\aspectjweaver-1.9.21.jar;C:\Users\Admin\.m2\repository\org\springframework\boot\spring-boot-starter-jdbc\3.2.3\spring-boot-starter-jdbc-3.2.3.jar;C:\Users\Admin\.m2\repository\com\zaxxer\HikariCP\5.0.1\HikariCP-5.0.1.jar;C:\Users\Admin\.m2\repository\org\springframework\spring-jdbc\6.1.4\spring-jdbc-6.1.4.jar;C:\Users\Admin\.m2\repository\org\hibernate\orm\hibernate-core\6.4.4.Final\hibernate-core-6.4.4.Final.jar;C:\Users\Admin\.m2\repository\jakarta\persistence\jakarta.persistence-api\3.1.0\jakarta.persistence-api-3.1.0.jar;C:\Users\Admin\.m2\repository\jakarta\transaction\jakarta.transaction-api\2.0.1\jakarta.transaction-api-2.0.1.jar;C:\Users\Admin\.m2\repository\org\jboss\logging\jboss-logging\3.5.3.Final\jboss-logging-3.5.3.Final.jar;C:\Users\Admin\.m2\repository\org\hibernate\common\hibernate-commons-annotations\6.0.6.Final\hibernate-commons-annotations-6.0.6.Final.jar;C:\Users\Admin\.m2\repository\io\smallrye\jandex\3.1.2\jandex-3.1.2.jar;C:\Users\Admin\.m2\repository\com\fasterxml\classmate\1.6.0\classmate-1.6.0.jar;C:\Users\Admin\.m2\repository\net\bytebuddy\byte-buddy\1.14.12\byte-buddy-1.14.12.jar;C:\Users\Admin\.m2\repository\org\glassfish\jaxb\jaxb-runtime\4.0.4\jaxb-runtime-4.0.4.jar;C:\Users\Admin\.m2\repository\org\glassfish\jaxb\jaxb-core\4.0.4\jaxb-core-4.0.4.jar;C:\Users\Admin\.m2\repository\org\eclipse\angus\angus-activation\2.0.1\angus-activation-2.0.1.jar;C:\Users\Admin\.m2\repository\org\glassfish\jaxb\txw2\4.0.4\txw2-4.0.4.jar;C:\Users\Admin\.m2\repository\com\s
Launcher Type: SUN_STANDARD

[Global flags]
     intx CICompilerCount                          = 3                                         {product} {ergonomic}
     uint ConcGCThreads                            = 1                                         {product} {ergonomic}
     uint G1ConcRefinementThreads                  = 4                                         {product} {ergonomic}
   size_t G1HeapRegionSize                         = 1048576                                   {product} {ergonomic}
    uintx GCDrainStackTargetSize                   = 64                                        {product} {ergonomic}
   size_t InitialHeapSize                          = 33554432                                  {product} {ergonomic}
     bool ManagementServer                         = true                                      {product} {command line}
   size_t MarkStackSize                            = 4194304                                   {product} {ergonomic}
   size_t MaxHeapSize                              = 511705088                                 {product} {ergonomic}
   size_t MaxNewSize                               = 306184192                                 {product} {ergonomic}
   size_t MinHeapDeltaBytes                        = 1048576                                   {product} {ergonomic}
   size_t MinHeapSize                              = 8388608                                   {product} {ergonomic}
    uintx NonProfiledCodeHeapSize                  = 0                                      {pd product} {ergonomic}
     bool ProfileInterpreter                       = false                                  {pd product} {command line}
    uintx ProfiledCodeHeapSize                     = 0                                      {pd product} {ergonomic}
     bool ShowCodeDetailsInExceptionMessages       = true                                   {manageable} {command line}
   size_t SoftMaxHeapSize                          = 511705088                              {manageable} {ergonomic}
     intx TieredStopAtLevel                        = 1                                         {product} {command line}
     bool UseCompressedClassPointers               = true                           {product lp64_product} {ergonomic}
     bool UseCompressedOops                        = true                           {product lp64_product} {ergonomic}
     bool UseG1GC                                  = true                                      {product} {ergonomic}
     bool UseLargePagesIndividualAllocation        = false                                  {pd product} {ergonomic}

Logging:
Log output configuration:
 #0: stdout all=warning uptime,level,tags
 #1: stderr all=off uptime,level,tags

Environment Variables:
PATH=F:/Downlode/sts-4.21.0.RELEASE//plugins/org.eclipse.justj.openjdk.hotspot.jre.full.win32.x86_64_17.0.9.v20231028-0858/jre/bin/server;F:/Downlode/sts-4.21.0.RELEASE//plugins/org.eclipse.justj.openjdk.hotspot.jre.full.win32.x86_64_17.0.9.v20231028-0858/jre/bin;C:\Users\Admin\Downloads\WINDOWS.X64_193000_db_home\bin;C:\Program Files\Common Files\Oracle\Java\javapath;C:\oraclexe\app\oracle\product\11.2.0\server\bin;C:\Windows\system32;C:\Windows;C:\Windows\System32\Wbem;C:\Windows\System32\WindowsPowerShell\v1.0\;C:\Windows\System32\OpenSSH\;C:\Program Files\Git\cmd;C:\Program Files\Git\mingw64\bin;C:\Program Files\Git\usr\bin;C:\Program Files\nodejs\;C:\Program Files\Java\jdk-17\bin;C:\Program Files\Java\jdk-21\bin;C:\Users\Admin\AppData\Local\Microsoft\WindowsApps;C:\Users\Admin\AppData\Local\Programs\Microsoft VS Code\bin;C:\Users\Admin\AppData\Roaming\npm;;F:\Downlode\sts-4.21.0.RELEASE;
USERNAME=Admin
OS=Windows_NT
PROCESSOR_IDENTIFIER=Intel64 Family 6 Model 58 Stepping 9, GenuineIntel
TMP=C:\Users\Admin\AppData\Local\Temp
TEMP=C:\Users\Admin\AppData\Local\Temp



Periodic native trim disabled


---------------  S Y S T E M  ---------------

OS:
 Windows 10 , 64 bit Build 19041 (10.0.19041.3636)
OS uptime: 2 days 2:13 hours

CPU: total 4 (initial active 4) (2 cores per cpu, 2 threads per core) family 6 model 58 stepping 9 microcode 0x21, cx8, cmov, fxsr, ht, mmx, sse, sse2, sse3, ssse3, sse4.1, sse4.2, popcnt, tsc, tscinvbit, avx, erms, clmul, vzeroupper, clflush
Processor Information for all 4 processors :
  Max Mhz: 2400, Current Mhz: 2000, Mhz Limit: 2400

Memory: 4k page, system-wide physical 1946M (267M free)
TotalPageFile size 7834M (AvailPageFile size 0M)
current process WorkingSet (physical memory assigned to process): 41M, peak: 41M
current process commit charge ("private bytes"): 96M, peak: 96M

vm_info: OpenJDK 64-Bit Server VM (17.0.9+9) for windows-amd64 JRE (17.0.9+9), built on Oct 26 2023 14:01:42 by "admin" with MS VC++ 16.10 / 16.11 (VS2019)

END.
